<?xml version="1.0" encoding="UTF-8"?>
<testng-results skipped="0" failed="0" ignored="0" total="1" passed="1">
  <reporter-output>
  </reporter-output>
  <suite name="Default suite" duration-ms="145515" started-at="2017-11-09T10:56:35Z" finished-at="2017-11-09T10:59:00Z">
    <groups>
    </groups>
    <test name="Default test" duration-ms="145515" started-at="2017-11-09T10:56:35Z" finished-at="2017-11-09T10:59:00Z">
      <class name="com.shop.test.logintest">
        <test-method status="PASS" signature="precondition()[pri:0, instance:com.shop.test.logintest@2b2948e2]" name="precondition" is-config="true" duration-ms="139567" started-at="2017-11-09T16:26:35Z" finished-at="2017-11-09T16:28:55Z">
          <reporter-output>
          </reporter-output>
        </test-method> <!-- precondition -->
        <test-method status="PASS" signature="testlogin()[pri:0, instance:com.shop.test.logintest@2b2948e2]" name="testlogin" duration-ms="5676" started-at="2017-11-09T16:28:55Z" finished-at="2017-11-09T16:29:00Z">
          <reporter-output>
          </reporter-output>
        </test-method> <!-- testlogin -->
        <test-method status="PASS" signature="postcondition()[pri:0, instance:com.shop.test.logintest@2b2948e2]" name="postcondition" is-config="true" duration-ms="211" started-at="2017-11-09T16:29:00Z" finished-at="2017-11-09T16:29:00Z">
          <reporter-output>
          </reporter-output>
        </test-method> <!-- postcondition -->
      </class> <!-- com.shop.test.logintest -->
    </test> <!-- Default test -->
  </suite> <!-- Default suite -->
</testng-results>
